Arguments: 
  C:\Program Files\nodejs\node.exe C:\Program Files (x86)\Yarn\bin\yarn.js add @react-native-firebase/auth

PATH: 
  C:\Users\HP\bin;C:\Program Files\Git\mingw64\bin;C:\Program Files\Git\usr\local\bin;C:\Program Files\Git\usr\bin;C:\Program Files\Git\usr\bin;C:\Program Files\Git\mingw64\bin;C:\Program Files\Git\usr\bin;C:\Users\HP\bin;C:\Windows\system32;C:\Windows;C:\Windows\System32\Wbem;C:\Windows\System32\WindowsPowerShell\v1.0;C:\Windows\System32\OpenSSH;C:\Program Files\Git\cmd;C:\Program Files (x86)\Yarn\bin;C:\Program Files\dotnet;C:\Program Files\nodejs;C:\Users\HP\AppData\Local\Microsoft\WindowsApps;C:\Users\HP\AppData\Local\Programs\Microsoft VS Code\bin;C:\Users\HP\AppData\Local\Yarn\bin;C:\Users\HP\.dotnet\tools;C:\Users\HP\AppData\Roaming\npm;C:\src\flutter\bin;C:\Program Files\Git\usr\bin\vendor_perl;C:\Program Files\Git\usr\bin\core_perl

Yarn version: 
  1.22.4

Node version: 
  20.0.0

Platform: 
  win32 x64

Trace: 
  Error: EPERM: operation not permitted, copyfile 'C:\Users\HP\AppData\Local\Yarn\Cache\v6\npm-default-gateway-4.2.0-167104c7500c2115f6dd69b0a536bb8ed720552b-integrity\node_modules\default-gateway\darwin.js' -> 'H:\ITI\Final Project\Amazon_App\Amazon_Mobile_App\node_modules\internal-ip\node_modules\default-gateway\darwin.js'

npm manifest: 
  {
    "name": "amazonapp",
    "version": "1.0.0",
    "main": "node_modules/expo/AppEntry.js",
    "scripts": {
      "start": "expo start",
      "android": "expo start --android",
      "ios": "expo start --ios",
      "web": "expo start --web"
    },
    "dependencies": {
      "@expo/webpack-config": "^18.0.1",
      "@react-native-firebase/app": "^18.1.0",
      "@react-native-firebase/auth": "^18.1.0",
      "@react-navigation/bottom-tabs": "^6.5.8",
      "@react-navigation/native": "^6.1.7",
      "@react-navigation/native-stack": "^6.9.13",
      "expo": "~48.0.18",
      "expo-linear-gradient": "~12.1.2",
      "expo-status-bar": "~1.4.4",
      "firebase": "^9.23.0",
      "native-base": "^3.4.28",
      "react": "18.2.0",
      "react-dom": "18.2.0",
      "react-native": "0.71.8",
      "react-native-firebase": "^5.6.0",
      "react-native-safe-area-context": "4.5.0",
      "react-native-screens": "~3.20.0",
      "react-native-web": "~0.18.10"
    },
    "devDependencies": {
      "@babel/core": "^7.20.0"
    },
    "private": true
  }

yarn manifest: 
  No manifest

Lockfile: 
  No lockfile
